"E:/GameTests/GamePresSet/Content/GamePress/Toony_Tiny_RTS_Set/Meshes/Units_Skeleton.uasset" 0
"E:/GameTests/GamePresSet/Content/GamePress/Toony_Tiny_RTS_Set/Meshes/Units_Skeleton.uexp" 1
"../../../Engine/Content/Animation/DefaultAnimCurveCompressionSettings.uasset" 2
"../../../Engine/Content/Animation/DefaultAnimCurveCompressionSettings.uexp" 3
"../../../Engine/Content/Animation/DefaultAnimBoneCompressionSettings.uasset" 4
"../../../Engine/Content/Animation/DefaultAnimBoneCompressionSettings.uexp" 5
"E:/GameTests/GamePresSet/Content/GamePress/Toony_Tiny_RTS_Set/Animations/Units/Infantry/Anim_infantry_02_walk_rm.uasset" 6
"E:/GameTests/GamePresSet/Content/GamePress/Toony_Tiny_RTS_Set/Animations/Units/Infantry/Anim_infantry_02_walk_rm.uexp" 7
"E:/GameTests/GamePresSet/Content/GamePress/Toony_Tiny_RTS_Set/Animations/Units/Infantry/Anim_infantry_03_run_rm.uasset" 8
"E:/GameTests/GamePresSet/Content/GamePress/Toony_Tiny_RTS_Set/Animations/Units/Infantry/Anim_infantry_03_run_rm.uexp" 9
"E:/GameTests/GamePresSet/Content/GamePress/Toony_Tiny_RTS_Set/Animations/Units/Infantry/Anim_infantry_04_attack_A.uasset" 10
"E:/GameTests/GamePresSet/Content/GamePress/Toony_Tiny_RTS_Set/Animations/Units/Infantry/Anim_infantry_04_attack_A.uexp" 11
"E:/GameTests/GamePresSet/Content/GamePress/Toony_Tiny_RTS_Set/Animations/Units/Infantry/Anim_infantry_05_take_damage.uasset" 12
"E:/GameTests/GamePresSet/Content/GamePress/Toony_Tiny_RTS_Set/Animations/Units/Infantry/Anim_infantry_05_take_damage.uexp" 13
"E:/GameTests/GamePresSet/Content/GamePress/Toony_Tiny_RTS_Set/Animations/Units/Infantry/Anim_infantry_06_death_A.uasset" 14
"E:/GameTests/GamePresSet/Content/GamePress/Toony_Tiny_RTS_Set/Animations/Units/Infantry/Anim_infantry_06_death_A.uexp" 15
"E:/GameTests/GamePresSet/Content/GamePress/Toony_Tiny_RTS_Set/Animations/Units/Infantry/Anim_infantry_06_death_B.uasset" 16
"E:/GameTests/GamePresSet/Content/GamePress/Toony_Tiny_RTS_Set/Animations/Units/Infantry/Anim_infantry_06_death_B.uexp" 17
"E:/GameTests/GamePresSet/Content/GamePress/Toony_Tiny_RTS_Set/Animations/Units/Infantry/NewAimOffsetBlendSpace.uasset" 18
"E:/GameTests/GamePresSet/Content/GamePress/Toony_Tiny_RTS_Set/Animations/Units/Infantry/NewAimOffsetBlendSpace.uexp" 19
"E:/GameTests/GamePresSet/Content/GamePress/Toony_Tiny_RTS_Set/Meshes/Units_PhysicsAsset.uasset" 20
"E:/GameTests/GamePresSet/Content/GamePress/Toony_Tiny_RTS_Set/Meshes/Units_PhysicsAsset.uexp" 21
"E:/GameTests/GamePresSet/Content/GamePress/Toony_Tiny_RTS_Set/Textures/Units/T_Units_blue.uasset" 22
"E:/GameTests/GamePresSet/Content/GamePress/Toony_Tiny_RTS_Set/Textures/Units/T_Units_blue.uexp" 23
"E:/GameTests/GamePresSet/Content/GamePress/Toony_Tiny_RTS_Set/Textures/Units/T_Units_blue.ubulk" 24
"../../../Engine/Content/EngineMaterials/BlendFunc_DefBlend.uasset" 25
"../../../Engine/Content/EngineMaterials/BlendFunc_DefBlend.uexp" 26
"../../../Engine/Content/EngineMaterials/BlendFunc_DefBase.uasset" 27
"../../../Engine/Content/EngineMaterials/BlendFunc_DefBase.uexp" 28
"../../../Engine/Content/Functions/Engine_MaterialFunctions03/Blends/Blend_Screen.uasset" 29
"../../../Engine/Content/Functions/Engine_MaterialFunctions03/Blends/Blend_Screen.uexp" 30
"E:/GameTests/GamePresSet/Content/GamePress/Toony_Tiny_RTS_Set/Materials/Units/M_Units_Parent.uasset" 31
"E:/GameTests/GamePresSet/Content/GamePress/Toony_Tiny_RTS_Set/Materials/Units/M_Units_Parent.uexp" 32
"E:/GameTests/GamePresSet/Content/GamePress/Toony_Tiny_RTS_Set/Meshes/Characters_Parts/Units/Unit_Body_07a.uasset" 33
"E:/GameTests/GamePresSet/Content/GamePress/Toony_Tiny_RTS_Set/Meshes/Characters_Parts/Units/Unit_Body_07a.uexp" 34
"E:/GameTests/GamePresSet/Content/GamePress/Toony_Tiny_RTS_Set/Meshes/Characters_Parts/Units/Unit_Head_08a.uasset" 35
"E:/GameTests/GamePresSet/Content/GamePress/Toony_Tiny_RTS_Set/Meshes/Characters_Parts/Units/Unit_Head_08a.uexp" 36
"E:/GameTests/GamePresSet/Content/GamePress/Toony_Tiny_RTS_Set/Meshes/Characters_Prebuilt/Units/SK_Peasant.uasset" 37
"E:/GameTests/GamePresSet/Content/GamePress/Toony_Tiny_RTS_Set/Meshes/Characters_Prebuilt/Units/SK_Peasant.uexp" 38
"E:/GameTests/GamePresSet/Content/GamePress/Toony_Tiny_RTS_Set/Meshes/Weapons/SM_quiver_B.uasset" 39
"E:/GameTests/GamePresSet/Content/GamePress/Toony_Tiny_RTS_Set/Meshes/Weapons/SM_quiver_B.uexp" 40
"E:/GameTests/GamePresSet/Content/GamePress/Toony_Tiny_RTS_Set/Meshes/Weapons/SM_shield_18.uasset" 41
"E:/GameTests/GamePresSet/Content/GamePress/Toony_Tiny_RTS_Set/Meshes/Weapons/SM_shield_18.uexp" 42
"E:/GameTests/GamePresSet/Content/GamePress/Toony_Tiny_RTS_Set/Meshes/Weapons/SM_w_maul.uasset" 43
"E:/GameTests/GamePresSet/Content/GamePress/Toony_Tiny_RTS_Set/Meshes/Weapons/SM_w_maul.uexp" 44
"E:/GameTests/GamePresSet/Content/Geometry/Meshes/CubeMaterial.uasset" 45
"E:/GameTests/GamePresSet/Content/Geometry/Meshes/CubeMaterial.uexp" 46
"E:/GameTests/GamePresSet/Content/Geometry/Meshes/TemplateFloor.uasset" 47
"E:/GameTests/GamePresSet/Content/Geometry/Meshes/TemplateFloor.uexp" 48
"E:/GameTests/GamePresSet/Content/TopDownBP/Blueprints/AI_Bots/Ai_baseForm.uasset" 49
"E:/GameTests/GamePresSet/Content/TopDownBP/Blueprints/AI_Bots/Ai_baseForm.uexp" 50
"E:/GameTests/GamePresSet/Content/GamePress/Toony_Tiny_RTS_Set/Meshes/Characters_Prebuilt/Units/SK_Light_Infantry.uasset" 51
"E:/GameTests/GamePresSet/Content/GamePress/Toony_Tiny_RTS_Set/Meshes/Characters_Prebuilt/Units/SK_Light_Infantry.uexp" 52
"../../../Engine/Content/EditorBlueprintResources/StandardMacros.uasset" 53
"../../../Engine/Content/EditorBlueprintResources/StandardMacros.uexp" 54
"E:/GameTests/GamePresSet/Content/GamePress/Toony_Tiny_RTS_Set/Animations/Units/Infantry/Anim_infantry_03_run.uasset" 55
"E:/GameTests/GamePresSet/Content/GamePress/Toony_Tiny_RTS_Set/Animations/Units/Infantry/Anim_infantry_03_run.uexp" 56
"E:/GameTests/GamePresSet/Content/GamePress/Toony_Tiny_RTS_Set/Animations/Units/Infantry/Anim_infantry_02_walk.uasset" 57
"E:/GameTests/GamePresSet/Content/GamePress/Toony_Tiny_RTS_Set/Animations/Units/Infantry/Anim_infantry_02_walk.uexp" 58
"E:/GameTests/GamePresSet/Content/GamePress/Toony_Tiny_RTS_Set/Animations/Units/Infantry/Anim_infantry_01_idle.uasset" 59
"E:/GameTests/GamePresSet/Content/GamePress/Toony_Tiny_RTS_Set/Animations/Units/Infantry/Anim_infantry_01_idle.uexp" 60
"E:/GameTests/GamePresSet/Content/GamePress/Toony_Tiny_RTS_Set/Animations/Units/Infantry/NewBlendSpace1D.uasset" 61
"E:/GameTests/GamePresSet/Content/GamePress/Toony_Tiny_RTS_Set/Animations/Units/Infantry/NewBlendSpace1D.uexp" 62
"E:/GameTests/GamePresSet/Content/GamePress/Toony_Tiny_RTS_Set/Animations/Units/Infantry/NewAnimBlueprint.uasset" 63
"E:/GameTests/GamePresSet/Content/GamePress/Toony_Tiny_RTS_Set/Animations/Units/Infantry/NewAnimBlueprint.uexp" 64
"E:/GameTests/GamePresSet/Content/TopDownBP/Blueprints/AI_Bots/B_BaseForm.uasset" 65
"E:/GameTests/GamePresSet/Content/TopDownBP/Blueprints/AI_Bots/B_BaseForm.uexp" 66
"E:/GameTests/GamePresSet/Content/TopDownBP/Blueprints/PlayerCaracter/IN_Hired.uasset" 67
"E:/GameTests/GamePresSet/Content/TopDownBP/Blueprints/PlayerCaracter/IN_Hired.uexp" 68
"../../../Engine/Content/Functions/Engine_MaterialFunctions02/Utility/VectorLength.uasset" 69
"../../../Engine/Content/Functions/Engine_MaterialFunctions02/Utility/VectorLength.uexp" 70
"../../../Engine/Content/Functions/Engine_MaterialFunctions02/WorldPositionOffset/ObjectScale.uasset" 71
"../../../Engine/Content/Functions/Engine_MaterialFunctions02/WorldPositionOffset/ObjectScale.uexp" 72
"../../../Engine/Content/Functions/Engine_MaterialFunctions02/WorldPositionOffset/ComponentPivotLocation.uasset" 73
"../../../Engine/Content/Functions/Engine_MaterialFunctions02/WorldPositionOffset/ComponentPivotLocation.uexp" 74
"../../../Engine/Content/Functions/Engine_MaterialFunctions02/Utility/CameraVectorWithWPOOptions.uasset" 75
"../../../Engine/Content/Functions/Engine_MaterialFunctions02/Utility/CameraVectorWithWPOOptions.uexp" 76
"../../../Engine/Content/Functions/Engine_MaterialFunctions02/Utility/BreakOutFloat3Components.uasset" 77
"../../../Engine/Content/Functions/Engine_MaterialFunctions02/Utility/BreakOutFloat3Components.uexp" 78
"../../../Engine/Content/Functions/Engine_MaterialFunctions02/Math/Transform3x3Matrix.uasset" 79
"../../../Engine/Content/Functions/Engine_MaterialFunctions02/Math/Transform3x3Matrix.uexp" 80
"../../../Engine/Content/Functions/Engine_MaterialFunctions02/Math/MakeVectorsOrthogonal.uasset" 81
"../../../Engine/Content/Functions/Engine_MaterialFunctions02/Math/MakeVectorsOrthogonal.uexp" 82
"../../../Engine/Content/Functions/Engine_MaterialFunctions02/Math/InverseTransformMatrix.uasset" 83
"../../../Engine/Content/Functions/Engine_MaterialFunctions02/Math/InverseTransformMatrix.uexp" 84
"../../../Engine/Content/Functions/Engine_MaterialFunctions02/WorldPositionOffset/AlignMeshToTheCamera.uasset" 85
"../../../Engine/Content/Functions/Engine_MaterialFunctions02/WorldPositionOffset/AlignMeshToTheCamera.uexp" 86
"../../../Engine/Content/EngineFonts/RobotoDistanceField.uasset" 87
"../../../Engine/Content/EngineFonts/RobotoDistanceField.uexp" 88
"E:/GameTests/GamePresSet/Content/TopDownBP/DefaultTextMaterialOpaque1.uasset" 89
"E:/GameTests/GamePresSet/Content/TopDownBP/DefaultTextMaterialOpaque1.uexp" 90
"E:/GameTests/GamePresSet/Content/TopDownBP/Blueprints/AI_Bots/NPC/B_NPCFrend.uasset" 91
"E:/GameTests/GamePresSet/Content/TopDownBP/Blueprints/AI_Bots/NPC/B_NPCFrend.uexp" 92
"E:/GameTests/GamePresSet/Content/GamePress/Toony_Tiny_RTS_Set/Animations/Units/Infantry/NewBlendSpace.uasset" 93
"E:/GameTests/GamePresSet/Content/GamePress/Toony_Tiny_RTS_Set/Animations/Units/Infantry/NewBlendSpace.uexp" 94
"E:/GameTests/GamePresSet/Content/TopDownBP/Blueprints/TopDownCharacter.uasset" 95
"E:/GameTests/GamePresSet/Content/TopDownBP/Blueprints/TopDownCharacter.uexp" 96
"E:/GameTests/GamePresSet/Content/TopDownBP/Blueprints/AI_Bots/B_BaseForm_Characters.uasset" 97
"E:/GameTests/GamePresSet/Content/TopDownBP/Blueprints/AI_Bots/B_BaseForm_Characters.uexp" 98
"E:/GameTests/GamePresSet/Content/TopDownBP/Blueprints/AI_Bots/B_BaseForm_Characters_Child.uasset" 99
"E:/GameTests/GamePresSet/Content/TopDownBP/Blueprints/AI_Bots/B_BaseForm_Characters_Child.uexp" 100
"E:/GameTests/GamePresSet/Content/TopDownBP/Blueprints/AI_Bots/Enemy/EQS_SerchNPC.uasset" 101
"E:/GameTests/GamePresSet/Content/TopDownBP/Blueprints/AI_Bots/Enemy/EQS_SerchNPC.uexp" 102
"../../../Engine/Content/EngineMaterials/T_Default_Material_Grid_N.uasset" 103
"../../../Engine/Content/EngineMaterials/T_Default_Material_Grid_N.uexp" 104
"../../../Engine/Content/EngineMaterials/T_Default_Material_Grid_N.ubulk" 105
"../../../Engine/Content/EngineMaterials/T_Default_Material_Grid_M.uasset" 106
"../../../Engine/Content/EngineMaterials/T_Default_Material_Grid_M.uexp" 107
"../../../Engine/Content/EngineMaterials/T_Default_Material_Grid_M.ubulk" 108
"../../../Engine/Content/Functions/Engine_MaterialFunctions01/Opacity/CameraDepthFade.uasset" 109
"../../../Engine/Content/Functions/Engine_MaterialFunctions01/Opacity/CameraDepthFade.uexp" 110
"../../../Engine/Content/EngineMaterials/DefaultMaterial.uasset" 111
"../../../Engine/Content/EngineMaterials/DefaultMaterial.uexp" 112
"../../../Engine/Content/BasicShapes/Sphere.uasset" 113
"../../../Engine/Content/BasicShapes/Sphere.uexp" 114
"../../../Engine/Content/BasicShapes/BasicShapeMaterial.uasset" 115
"../../../Engine/Content/BasicShapes/BasicShapeMaterial.uexp" 116
"E:/GameTests/GamePresSet/Content/TopDownBP/Blueprints/B_DespawnZone.uasset" 117
"E:/GameTests/GamePresSet/Content/TopDownBP/Blueprints/B_DespawnZone.uexp" 118
"E:/GameTests/GamePresSet/Content/TopDownBP/Blueprints/AI_Bots/Enemy/EQS_SerchDestrZon.uasset" 119
"E:/GameTests/GamePresSet/Content/TopDownBP/Blueprints/AI_Bots/Enemy/EQS_SerchDestrZon.uexp" 120
"E:/GameTests/GamePresSet/Content/TopDownBP/Blueprints/AI_Bots/Enemy/BB_Enemy.uasset" 121
"E:/GameTests/GamePresSet/Content/TopDownBP/Blueprints/AI_Bots/Enemy/BB_Enemy.uexp" 122
"E:/GameTests/GamePresSet/Content/TopDownBP/Blueprints/AI_Bots/Enemy/BT_EnemyCharacter.uasset" 123
"E:/GameTests/GamePresSet/Content/TopDownBP/Blueprints/AI_Bots/Enemy/BT_EnemyCharacter.uexp" 124
"E:/GameTests/GamePresSet/Content/TopDownBP/Blueprints/AI_Bots/Enemy/NewBlueprint.uasset" 125
"E:/GameTests/GamePresSet/Content/TopDownBP/Blueprints/AI_Bots/Enemy/NewBlueprint.uexp" 126
"E:/GameTests/GamePresSet/Content/TopDownBP/Blueprints/AI_Bots/NPC/AI_CrowdNPCController.uasset" 127
"E:/GameTests/GamePresSet/Content/TopDownBP/Blueprints/AI_Bots/NPC/AI_CrowdNPCController.uexp" 128
"E:/GameTests/GamePresSet/Content/TopDownBP/Blueprints/Engine/MobileResources/HUD/AnalogHat.uasset" 129
"E:/GameTests/GamePresSet/Content/TopDownBP/Blueprints/Engine/MobileResources/HUD/AnalogHat.uexp" 130
"E:/GameTests/GamePresSet/Content/TopDownBP/Blueprints/Engine/MobileResources/HUD/MobileHUDButton1_off.uasset" 131
"E:/GameTests/GamePresSet/Content/TopDownBP/Blueprints/Engine/MobileResources/HUD/MobileHUDButton1_off.uexp" 132
"E:/GameTests/GamePresSet/Content/TopDownBP/Blueprints/Engine/MobileResources/HUD/MobileHUDButton1_on.uasset" 133
"E:/GameTests/GamePresSet/Content/TopDownBP/Blueprints/Engine/MobileResources/HUD/MobileHUDButton1_on.uexp" 134
"E:/GameTests/GamePresSet/Content/TopDownBP/Blueprints/Engine/MobileResources/HUD/MobileHUDButton2_off.uasset" 135
"E:/GameTests/GamePresSet/Content/TopDownBP/Blueprints/Engine/MobileResources/HUD/MobileHUDButton2_off.uexp" 136
"E:/GameTests/GamePresSet/Content/TopDownBP/Blueprints/Engine/MobileResources/HUD/MobileHUDButton2_off.ubulk" 137
"E:/GameTests/GamePresSet/Content/TopDownBP/Blueprints/Engine/MobileResources/HUD/MobileHUDButton2_on.uasset" 138
"E:/GameTests/GamePresSet/Content/TopDownBP/Blueprints/Engine/MobileResources/HUD/MobileHUDButton2_on.uexp" 139
"E:/GameTests/GamePresSet/Content/TopDownBP/Blueprints/Engine/MobileResources/HUD/MobileHUDButton2_on.ubulk" 140
"E:/GameTests/GamePresSet/Content/TopDownBP/Blueprints/Engine/MobileResources/HUD/MobileHUDButton3.uasset" 141
"E:/GameTests/GamePresSet/Content/TopDownBP/Blueprints/Engine/MobileResources/HUD/MobileHUDButton3.uexp" 142
"E:/GameTests/GamePresSet/Content/TopDownBP/Blueprints/Engine/MobileResources/HUD/MobileHUDButtonFire.uasset" 143
"E:/GameTests/GamePresSet/Content/TopDownBP/Blueprints/Engine/MobileResources/HUD/MobileHUDButtonFire.uexp" 144
"E:/GameTests/GamePresSet/Content/TopDownBP/Blueprints/Engine/MobileResources/HUD/MobileHUDDirectionPad.uasset" 145
"E:/GameTests/GamePresSet/Content/TopDownBP/Blueprints/Engine/MobileResources/HUD/MobileHUDDirectionPad.uexp" 146
"E:/GameTests/GamePresSet/Content/TopDownBP/Blueprints/Engine/MobileResources/HUD/MobileHUDDirectionPad.ubulk" 147
"E:/GameTests/GamePresSet/Content/TopDownBP/Blueprints/Engine/MobileResources/HUD/MobileHUDDirectionPad2.uasset" 148
"E:/GameTests/GamePresSet/Content/TopDownBP/Blueprints/Engine/MobileResources/HUD/MobileHUDDirectionPad2.uexp" 149
"E:/GameTests/GamePresSet/Content/TopDownBP/Blueprints/Engine/MobileResources/HUD/MobileHUDDirectionPad2.ubulk" 150
"E:/GameTests/GamePresSet/Content/TopDownBP/Blueprints/Engine/MobileResources/HUD/MobileHUDDirectionStick.uasset" 151
"E:/GameTests/GamePresSet/Content/TopDownBP/Blueprints/Engine/MobileResources/HUD/MobileHUDDirectionStick.uexp" 152
"E:/GameTests/GamePresSet/Content/TopDownBP/Blueprints/Engine/MobileResources/HUD/T_Castle_ThumbstickInner.uasset" 153
"E:/GameTests/GamePresSet/Content/TopDownBP/Blueprints/Engine/MobileResources/HUD/T_Castle_ThumbstickInner.uexp" 154
"E:/GameTests/GamePresSet/Content/TopDownBP/Blueprints/Engine/MobileResources/HUD/MobileHUDDirectionPad3.uasset" 155
"E:/GameTests/GamePresSet/Content/TopDownBP/Blueprints/Engine/MobileResources/HUD/MobileHUDDirectionPad3.uexp" 156
"E:/GameTests/GamePresSet/Content/TopDownBP/Blueprints/Engine/MobileResources/HUD/MobileHUDDirectionPad3.ubulk" 157
"E:/GameTests/GamePresSet/Content/TopDownBP/Blueprints/Engine/MobileResources/HUD/NewTouchInterface.uasset" 158
"E:/GameTests/GamePresSet/Content/TopDownBP/Blueprints/Engine/MobileResources/HUD/NewTouchInterface.uexp" 159
"E:/GameTests/GamePresSet/Content/TopDownBP/Blueprints/Engine/MobileResources/HUD/T_Castle_ThumbstickOutter.uasset" 160
"E:/GameTests/GamePresSet/Content/TopDownBP/Blueprints/Engine/MobileResources/HUD/T_Castle_ThumbstickOutter.uexp" 161
"E:/GameTests/GamePresSet/Content/TopDownBP/Blueprints/Engine/MobileResources/HUD/T_Castle_ThumbstickOutter.ubulk" 162
"E:/GameTests/GamePresSet/Content/TopDownBP/Blueprints/Engine/MobileResources/HUD/VirtualJoystick_Background.uasset" 163
"E:/GameTests/GamePresSet/Content/TopDownBP/Blueprints/Engine/MobileResources/HUD/VirtualJoystick_Background.uexp" 164
"E:/GameTests/GamePresSet/Content/TopDownBP/Blueprints/Engine/MobileResources/HUD/VirtualJoystick_Background.ubulk" 165
"E:/GameTests/GamePresSet/Content/TopDownBP/Blueprints/Engine/MobileResources/HUD/VirtualJoystick_Thumb.uasset" 166
"E:/GameTests/GamePresSet/Content/TopDownBP/Blueprints/Engine/MobileResources/HUD/VirtualJoystick_Thumb.uexp" 167
"E:/GameTests/GamePresSet/Content/TopDownBP/Blueprints/PlayerCaracter/S_DataTipeC.uasset" 168
"E:/GameTests/GamePresSet/Content/TopDownBP/Blueprints/PlayerCaracter/S_DataTipeC.uexp" 169
"E:/GameTests/GamePresSet/Content/TopDownBP/UI_For_Game/CountsPointBrash.uasset" 170
"E:/GameTests/GamePresSet/Content/TopDownBP/UI_For_Game/CountsPointBrash.uexp" 171
"../../../Engine/Content/EngineMaterials/WorldGridMaterial.uasset" 172
"../../../Engine/Content/EngineMaterials/WorldGridMaterial.uexp" 173
"../../../Engine/Content/ArtTools/RenderToTexture/Meshes/S_1_Unit_Plane.uasset" 174
"../../../Engine/Content/ArtTools/RenderToTexture/Meshes/S_1_Unit_Plane.uexp" 175
"../../../Engine/Content/BasicShapes/Cone.uasset" 176
"../../../Engine/Content/BasicShapes/Cone.uexp" 177
"../../../Engine/Content/BasicShapes/Cube.uasset" 178
"../../../Engine/Content/BasicShapes/Cube.uexp" 179
"../../../Engine/Content/BasicShapes/Plane.uasset" 180
"../../../Engine/Content/BasicShapes/Plane.uexp" 181
"../../../Engine/Content/EditorLandscapeResources/DataLayer.uasset" 182
"../../../Engine/Content/EditorLandscapeResources/DataLayer.uexp" 183
"../../../Engine/Content/EditorLandscapeResources/DefaultAlphaTexture.uasset" 184
"../../../Engine/Content/EditorLandscapeResources/DefaultAlphaTexture.uexp" 185
"../../../Engine/Content/EditorMaterials/MAT_Groups_Toggle.uasset" 186
"../../../Engine/Content/EditorMaterials/MAT_Groups_Toggle.uexp" 187
"../../../Engine/Content/EditorMaterials/MAT_Groups_Visibility.uasset" 188
"../../../Engine/Content/EditorMaterials/MAT_Groups_Visibility.uexp" 189
"../../../Engine/Content/EditorMaterials/PreviewShadowIndicator.uasset" 190
"../../../Engine/Content/EditorMaterials/PreviewShadowIndicator.uexp" 191
"../../../Engine/Content/EditorMaterials/PreviewShadowIndicator.ubulk" 192
"../../../Engine/Content/EditorMaterials/PreviewShadowIndicatorMaterial.uasset" 193
"../../../Engine/Content/EditorMaterials/PreviewShadowIndicatorMaterial.uexp" 194
"../../../Engine/Content/EditorMaterials/MatineeGroups/MAT_ColorTrack.uasset" 195
"../../../Engine/Content/EditorMaterials/MatineeGroups/MAT_ColorTrack.uexp" 196
"../../../Engine/Content/EditorMaterials/MatineeGroups/MAT_Groups_Anim.uasset" 197
"../../../Engine/Content/EditorMaterials/MatineeGroups/MAT_Groups_Anim.uexp" 198
"../../../Engine/Content/EditorMaterials/MatineeGroups/MAT_Groups_AudioMaster.uasset" 199
"../../../Engine/Content/EditorMaterials/MatineeGroups/MAT_Groups_AudioMaster.uexp" 200
"../../../Engine/Content/EditorMaterials/MatineeGroups/MAT_Groups_Director.uasset" 201
"../../../Engine/Content/EditorMaterials/MatineeGroups/MAT_Groups_Director.uexp" 202
"../../../Engine/Content/EditorMaterials/MatineeGroups/MAT_Groups_Event.uasset" 203
"../../../Engine/Content/EditorMaterials/MatineeGroups/MAT_Groups_Event.uexp" 204
"../../../Engine/Content/EditorMaterials/MatineeGroups/MAT_Groups_Fade.uasset" 205
"../../../Engine/Content/EditorMaterials/MatineeGroups/MAT_Groups_Fade.uexp" 206
"../../../Engine/Content/EditorMaterials/MatineeGroups/MAT_Groups_Float.uasset" 207
"../../../Engine/Content/EditorMaterials/MatineeGroups/MAT_Groups_Float.uexp" 208
"../../../Engine/Content/EditorMaterials/MatineeGroups/MAT_Groups_Move.uasset" 209
"../../../Engine/Content/EditorMaterials/MatineeGroups/MAT_Groups_Move.uexp" 210
"../../../Engine/Content/EditorMaterials/MatineeGroups/MAT_Groups_Slomo.uasset" 211
"../../../Engine/Content/EditorMaterials/MatineeGroups/MAT_Groups_Slomo.uexp" 212
"../../../Engine/Content/EditorMaterials/MatineeGroups/MAT_Groups_Sound.uasset" 213
"../../../Engine/Content/EditorMaterials/MatineeGroups/MAT_Groups_Sound.uexp" 214
"../../../Engine/Content/EditorMaterials/MatineeGroups/MAT_Groups_Vector.uasset" 215
"../../../Engine/Content/EditorMaterials/MatineeGroups/MAT_Groups_Vector.uexp" 216
"../../../Engine/Content/EditorMaterials/ParticleSystems/PSysThumbnail_NoImage.uasset" 217
"../../../Engine/Content/EditorMaterials/ParticleSystems/PSysThumbnail_NoImage.uexp" 218
"../../../Engine/Content/EditorMaterials/ParticleSystems/PSysThumbnail_NoImage.ubulk" 219
"../../../Engine/Content/EditorMaterials/ParticleSystems/PSysThumbnail_OOD.uasset" 220
"../../../Engine/Content/EditorMaterials/ParticleSystems/PSysThumbnail_OOD.uexp" 221
"../../../Engine/Content/EditorMaterials/ParticleSystems/PSysThumbnail_OOD.ubulk" 222
"../../../Engine/Content/EditorMaterials/Camera/CineMat.uasset" 223
"../../../Engine/Content/EditorMaterials/Camera/CineMat.uexp" 224
"../../../Engine/Content/EditorMaterials/Camera/MI_CineMat_Rig.uasset" 225
"../../../Engine/Content/EditorMaterials/Camera/MI_CineMat_Rig.uexp" 226
"../../../Engine/Content/EditorMeshes/Camera/SM_CraneRig_Arm.uasset" 227
"../../../Engine/Content/EditorMeshes/Camera/SM_CraneRig_Arm.uexp" 228
"../../../Engine/Content/EditorMeshes/Camera/SM_CraneRig_Base.uasset" 229
"../../../Engine/Content/EditorMeshes/Camera/SM_CraneRig_Base.uexp" 230
"../../../Engine/Content/EditorMeshes/Camera/SM_CraneRig_Body.uasset" 231
"../../../Engine/Content/EditorMeshes/Camera/SM_CraneRig_Body.uexp" 232
"../../../Engine/Content/EditorMeshes/Camera/SM_CraneRig_Mount.uasset" 233
"../../../Engine/Content/EditorMeshes/Camera/SM_CraneRig_Mount.uexp" 234
"../../../Engine/Content/EditorMeshes/Camera/SM_RailRig_Mount.uasset" 235
"../../../Engine/Content/EditorMeshes/Camera/SM_RailRig_Mount.uexp" 236
"../../../Engine/Content/EditorMeshes/Camera/SM_RailRig_Track.uasset" 237
"../../../Engine/Content/EditorMeshes/Camera/SM_RailRig_Track.uexp" 238
"../../../Engine/Content/EditorResources/BSPVertex.uasset" 239
"../../../Engine/Content/EditorResources/BSPVertex.uexp" 240
"../../../Engine/Content/EditorResources/EmptyActor.uasset" 241
"../../../Engine/Content/EditorResources/EmptyActor.uexp" 242
"../../../Engine/Content/EditorResources/S_Actor.uasset" 243
"../../../Engine/Content/EditorResources/S_Actor.uexp" 244
"../../../Engine/Content/EditorResources/S_Actor.ubulk" 245
"../../../Engine/Content/EditorResources/S_Note.uasset" 246
"../../../Engine/Content/EditorResources/S_Note.uexp" 247
"../../../Engine/Content/EditorResources/S_Note.ubulk" 248
"../../../Engine/Content/EditorResources/S_Solver.uasset" 249
"../../../Engine/Content/EditorResources/S_Solver.uexp" 250
"../../../Engine/Content/EditorResources/S_Solver.ubulk" 251
"../../../Engine/Content/EditorResources/S_Terrain.uasset" 252
"../../../Engine/Content/EditorResources/S_Terrain.uexp" 253
"../../../Engine/Content/EditorResources/S_Terrain.ubulk" 254
"../../../Engine/Content/EditorResources/S_Trigger.uasset" 255
"../../../Engine/Content/EditorResources/S_Trigger.uexp" 256
"../../../Engine/Content/EditorResources/S_Trigger.ubulk" 257
"../../../Engine/Content/EditorResources/LightIcons/S_LightError.uasset" 258
"../../../Engine/Content/EditorResources/LightIcons/S_LightError.uexp" 259
"../../../Engine/Content/EditorResources/SequenceRecorder/Countdown.uasset" 260
"../../../Engine/Content/EditorResources/SequenceRecorder/Countdown.uexp" 261
"../../../Engine/Content/EditorResources/SequenceRecorder/RecordingIndicator.uasset" 262
"../../../Engine/Content/EditorResources/SequenceRecorder/RecordingIndicator.uexp" 263
"../../../Engine/Content/EngineDamageTypes/DmgTypeBP_Environmental.uasset" 264
"../../../Engine/Content/EngineDamageTypes/DmgTypeBP_Environmental.uexp" 265
"../../../Engine/Content/EngineDebugMaterials/DebugEditorMaterial.uasset" 266
"../../../Engine/Content/EngineDebugMaterials/DebugEditorMaterial.uexp" 267
"../../../Engine/Content/EngineDebugMaterials/DebugMeshMaterial.uasset" 268
"../../../Engine/Content/EngineDebugMaterials/DebugMeshMaterial.uexp" 269
"../../../Engine/Content/EngineDebugMaterials/M_SimpleUnlitTranslucent.uasset" 270
"../../../Engine/Content/EngineDebugMaterials/M_SimpleUnlitTranslucent.uexp" 271
"../../../Engine/Content/EngineDebugMaterials/VolumeToRender.uasset" 272
"../../../Engine/Content/EngineDebugMaterials/VolumeToRender.uexp" 273
"../../../Engine/Content/Functions/Engine_MaterialFunctions02/Utility/CameraDirectionVector.uasset" 274
"../../../Engine/Content/Functions/Engine_MaterialFunctions02/Utility/CameraDirectionVector.uexp" 275
"../../../Engine/Content/EngineDebugMaterials/M_VolumeRenderSphereTracePP.uasset" 276
"../../../Engine/Content/EngineDebugMaterials/M_VolumeRenderSphereTracePP.uexp" 277
"../../../Engine/Content/Functions/Engine_MaterialFunctions01/Shading/ConvertFromDiffSpec.uasset" 278
"../../../Engine/Content/Functions/Engine_MaterialFunctions01/Shading/ConvertFromDiffSpec.uexp" 279
"../../../Engine/Content/EngineDebugMaterials/VertexColorMaterial.uasset" 280
"../../../Engine/Content/EngineDebugMaterials/VertexColorMaterial.uexp" 281
"../../../Engine/Content/EngineDebugMaterials/WireframeMaterial.uasset" 282
"../../../Engine/Content/EngineDebugMaterials/WireframeMaterial.uexp" 283
"../../../Engine/Content/EngineFonts/Faces/RobotoRegular.uasset" 284
"../../../Engine/Content/EngineFonts/Faces/RobotoRegular.uexp" 285
"../../../Engine/Content/EngineFonts/Faces/RobotoRegular.ufont" 286
"../../../Engine/Content/EngineFonts/Faces/RobotoLight.uasset" 287
"../../../Engine/Content/EngineFonts/Faces/RobotoLight.uexp" 288
"../../../Engine/Content/EngineFonts/Faces/RobotoLight.ufont" 289
"../../../Engine/Content/EngineFonts/Faces/RobotoItalic.uasset" 290
"../../../Engine/Content/EngineFonts/Faces/RobotoItalic.uexp" 291
"../../../Engine/Content/EngineFonts/Faces/RobotoItalic.ufont" 292
"../../../Engine/Content/EngineFonts/Faces/RobotoBoldItalic.uasset" 293
"../../../Engine/Content/EngineFonts/Faces/RobotoBoldItalic.uexp" 294
"../../../Engine/Content/EngineFonts/Faces/RobotoBoldItalic.ufont" 295
"../../../Engine/Content/EngineFonts/Faces/RobotoBold.uasset" 296
"../../../Engine/Content/EngineFonts/Faces/RobotoBold.uexp" 297
"../../../Engine/Content/EngineFonts/Faces/RobotoBold.ufont" 298
"../../../Engine/Content/EngineFonts/Faces/DroidSansFallback.uasset" 299
"../../../Engine/Content/EngineFonts/Faces/DroidSansFallback.uexp" 300
"../../../Engine/Content/EngineFonts/Faces/DroidSansFallback.ufont" 301
"../../../Engine/Content/EngineFonts/Roboto.uasset" 302
"../../../Engine/Content/EngineFonts/Roboto.uexp" 303
"../../../Engine/Content/EngineMaterials/BaseFlattenNormalMap.uasset" 304
"../../../Engine/Content/EngineMaterials/BaseFlattenNormalMap.uexp" 305
"../../../Engine/Content/EngineMaterials/BaseFlattenGrayscaleMap.uasset" 306
"../../../Engine/Content/EngineMaterials/BaseFlattenGrayscaleMap.uexp" 307
"../../../Engine/Content/EngineMaterials/BaseFlattenEmissiveMap.uasset" 308
"../../../Engine/Content/EngineMaterials/BaseFlattenEmissiveMap.uexp" 309
"../../../Engine/Content/EngineMaterials/BaseFlattenDiffuseMap.uasset" 310
"../../../Engine/Content/EngineMaterials/BaseFlattenDiffuseMap.uexp" 311
"../../../Engine/Content/EngineMaterials/BaseFlattenMaterial.uasset" 312
"../../../Engine/Content/EngineMaterials/BaseFlattenMaterial.uexp" 313
"../../../Engine/Content/EngineMaterials/BlueNoise.uasset" 314
"../../../Engine/Content/EngineMaterials/BlueNoise.uexp" 315
"../../../Engine/Content/EngineMaterials/DefaultBloomKernel.uasset" 316
"../../../Engine/Content/EngineMaterials/DefaultBloomKernel.uexp" 317
"../../../Engine/Content/EngineMaterials/DefaultBokeh.uasset" 318
"../../../Engine/Content/EngineMaterials/DefaultBokeh.uexp" 319
"../../../Engine/Content/EngineMaterials/DefaultDiffuse.uasset" 320
"../../../Engine/Content/EngineMaterials/DefaultDiffuse.uexp" 321
"../../../Engine/Content/EngineMaterials/DefaultDiffuse.ubulk" 322
"../../../Engine/Content/EngineMaterials/DefaultDeferredDecalMaterial.uasset" 323
"../../../Engine/Content/EngineMaterials/DefaultDeferredDecalMaterial.uexp" 324
"../../../Engine/Content/EngineMaterials/DefaultLightFunctionMaterial.uasset" 325
"../../../Engine/Content/EngineMaterials/DefaultLightFunctionMaterial.uexp" 326
"../../../Engine/Content/EngineMaterials/DefaultPhysicalMaterial.uasset" 327
"../../../Engine/Content/EngineMaterials/DefaultPhysicalMaterial.uexp" 328
"../../../Engine/Content/Functions/Engine_MaterialFunctions02/Utility/BreakOutFloat2Components.uasset" 329
"../../../Engine/Content/Functions/Engine_MaterialFunctions02/Utility/BreakOutFloat2Components.uexp" 330
"../../../Engine/Content/EngineMaterials/DefaultPostProcessMaterial.uasset" 331
"../../../Engine/Content/EngineMaterials/DefaultPostProcessMaterial.uexp" 332
"../../../Engine/Content/EngineMaterials/DefaultTextMaterialOpaque.uasset" 333
"../../../Engine/Content/EngineMaterials/DefaultTextMaterialOpaque.uexp" 334
"../../../Engine/Content/EngineMaterials/DefaultWhiteGrid.uasset" 335
"../../../Engine/Content/EngineMaterials/DefaultWhiteGrid.uexp" 336
"../../../Engine/Content/EngineMaterials/DefaultWhiteGrid.ubulk" 337
"../../../Engine/Content/EngineMaterials/DefaultWhiteGrid_Low.uasset" 338
"../../../Engine/Content/EngineMaterials/DefaultWhiteGrid_Low.uexp" 339
"../../../Engine/Content/EngineMaterials/EmissiveMeshMaterial.uasset" 340
"../../../Engine/Content/EngineMaterials/EmissiveMeshMaterial.uexp" 341
"../../../Engine/Content/EngineMaterials/GizmoMaterial.uasset" 342
"../../../Engine/Content/EngineMaterials/GizmoMaterial.uexp" 343
"../../../Engine/Content/EngineMaterials/Good64x64TilingNoiseHighFreq.uasset" 344
"../../../Engine/Content/EngineMaterials/Good64x64TilingNoiseHighFreq.uexp" 345
"../../../Engine/Content/EngineMaterials/MiniFont.uasset" 346
"../../../Engine/Content/EngineMaterials/MiniFont.uexp" 347
"../../../Engine/Content/EngineMaterials/InvalidLightmapSettings.uasset" 348
"../../../Engine/Content/EngineMaterials/InvalidLightmapSettings.uexp" 349
"../../../Engine/Content/EngineMaterials/InvalidLightmapSettings.ubulk" 350
"../../../Engine/Content/EngineMaterials/M_InvalidLightmapSettings.uasset" 351
"../../../Engine/Content/EngineMaterials/M_InvalidLightmapSettings.uexp" 352
"../../../Engine/Content/Functions/Engine_MaterialFunctions02/WorldPositionOffset/CameraOffset.uasset" 353
"../../../Engine/Content/Functions/Engine_MaterialFunctions02/WorldPositionOffset/CameraOffset.uexp" 354
"../../../Engine/Content/EngineMaterials/PhAT_JointLimitMaterial.uasset" 355
"../../../Engine/Content/EngineMaterials/PhAT_JointLimitMaterial.uexp" 356
"../../../Engine/Content/EngineMaterials/DefaultCalibrationColor.uasset" 357
"../../../Engine/Content/EngineMaterials/DefaultCalibrationColor.uexp" 358
"../../../Engine/Content/EngineMaterials/PPM_DefaultCalibrationColor.uasset" 359
"../../../Engine/Content/EngineMaterials/PPM_DefaultCalibrationColor.uexp" 360
"../../../Engine/Content/EngineMaterials/DefaultCalibrationGrayscale.uasset" 361
"../../../Engine/Content/EngineMaterials/DefaultCalibrationGrayscale.uexp" 362
"../../../Engine/Content/EngineMaterials/PPM_DefaultCalibrationGrayscale.uasset" 363
"../../../Engine/Content/EngineMaterials/PPM_DefaultCalibrationGrayscale.uexp" 364
"../../../Engine/Content/EngineMaterials/PreintegratedSkinBRDF.uasset" 365
"../../../Engine/Content/EngineMaterials/PreintegratedSkinBRDF.uexp" 366
"../../../Engine/Content/EngineMaterials/RemoveSurfaceMaterial.uasset" 367
"../../../Engine/Content/EngineMaterials/RemoveSurfaceMaterial.uexp" 368
"../../../Engine/Content/EngineMaterials/WeightMapPlaceholderTexture.uasset" 369
"../../../Engine/Content/EngineMaterials/WeightMapPlaceholderTexture.uexp" 370
"../../../Engine/Content/EngineResources/WhiteSquareTexture.uasset" 371
"../../../Engine/Content/EngineResources/WhiteSquareTexture.uexp" 372
"../../../Engine/Content/EngineMaterials/Widget3DPassThrough.uasset" 373
"../../../Engine/Content/EngineMaterials/Widget3DPassThrough.uexp" 374
"../../../Engine/Content/EngineMaterials/Widget3DPassThrough_Masked.uasset" 375
"../../../Engine/Content/EngineMaterials/Widget3DPassThrough_Masked.uexp" 376
"../../../Engine/Content/EngineMaterials/Widget3DPassThrough_Opaque.uasset" 377
"../../../Engine/Content/EngineMaterials/Widget3DPassThrough_Opaque.uexp" 378
"../../../Engine/Content/EngineMaterials/Widget3DPassThrough_Masked_OneSided.uasset" 379
"../../../Engine/Content/EngineMaterials/Widget3DPassThrough_Masked_OneSided.uexp" 380
"../../../Engine/Content/EngineMaterials/Widget3DPassThrough_Opaque_OneSided.uasset" 381
"../../../Engine/Content/EngineMaterials/Widget3DPassThrough_Opaque_OneSided.uexp" 382
"../../../Engine/Content/EngineMaterials/Widget3DPassThrough_Translucent.uasset" 383
"../../../Engine/Content/EngineMaterials/Widget3DPassThrough_Translucent.uexp" 384
"../../../Engine/Content/EngineMaterials/Widget3DPassThrough_Translucent_OneSided.uasset" 385
"../../../Engine/Content/EngineMaterials/Widget3DPassThrough_Translucent_OneSided.uexp" 386
"../../../Engine/Content/EngineMeshes/Cylinder.uasset" 387
"../../../Engine/Content/EngineMeshes/Cylinder.uexp" 388
"../../../Engine/Content/EngineMeshes/Sphere.uasset" 389
"../../../Engine/Content/EngineMeshes/Sphere.uexp" 390
"../../../Engine/Content/EngineResources/DefaultTexture.uasset" 391
"../../../Engine/Content/EngineResources/DefaultTexture.uexp" 392
"../../../Engine/Content/EngineResources/DefaultTexture.ubulk" 393
"../../../Engine/Content/EngineResources/DefaultTextureCube.uasset" 394
"../../../Engine/Content/EngineResources/DefaultTextureCube.uexp" 395
"../../../Engine/Content/EngineResources/DefaultVolumeTexture2D.uasset" 396
"../../../Engine/Content/EngineResources/DefaultVolumeTexture2D.uexp" 397
"../../../Engine/Content/EngineResources/DefaultVolumeTexture.uasset" 398
"../../../Engine/Content/EngineResources/DefaultVolumeTexture.uexp" 399
"../../../Engine/Content/EngineResources/GradientTexture0.uasset" 400
"../../../Engine/Content/EngineResources/GradientTexture0.uexp" 401
"../../../Engine/Content/EngineSky/VolumetricClouds/T_NoiseShape64.uasset" 402
"../../../Engine/Content/EngineSky/VolumetricClouds/T_NoiseShape64.uexp" 403
"../../../Engine/Content/EngineSky/VolumetricClouds/T_NoiseShape64.ubulk" 404
"../../../Engine/Content/EngineSky/VolumetricClouds/T_VolumeNoiseShape64.uasset" 405
"../../../Engine/Content/EngineSky/VolumetricClouds/T_VolumeNoiseShape64.uexp" 406
"../../../Engine/Content/EngineSky/VolumetricClouds/T_NoiseErosion.uasset" 407
"../../../Engine/Content/EngineSky/VolumetricClouds/T_NoiseErosion.uexp" 408
"../../../Engine/Content/EngineSky/VolumetricClouds/T_NoiseErosion.ubulk" 409
"../../../Engine/Content/EngineSky/VolumetricClouds/T_VolumeNoiseErosion32.uasset" 410
"../../../Engine/Content/EngineSky/VolumetricClouds/T_VolumeNoiseErosion32.uexp" 411
"../../../Engine/Content/Functions/Engine_MaterialFunctions02/Utility/MakeFloat2.uasset" 412
"../../../Engine/Content/Functions/Engine_MaterialFunctions02/Utility/MakeFloat2.uexp" 413
"../../../Engine/Content/EngineSky/VolumetricClouds/CloudWeatherTexture.uasset" 414
"../../../Engine/Content/EngineSky/VolumetricClouds/CloudWeatherTexture.uexp" 415
"../../../Engine/Content/EngineSky/VolumetricClouds/CloudGradientTexture.uasset" 416
"../../../Engine/Content/EngineSky/VolumetricClouds/CloudGradientTexture.uexp" 417
"../../../Engine/Content/EngineSky/VolumetricClouds/m_SimpleVolumetricCloud.uasset" 418
"../../../Engine/Content/EngineSky/VolumetricClouds/m_SimpleVolumetricCloud.uexp" 419
"../../../Engine/Content/EngineSky/VolumetricClouds/m_SimpleVolumetricCloud_Inst.uasset" 420
"../../../Engine/Content/EngineSky/VolumetricClouds/m_SimpleVolumetricCloud_Inst.uexp" 421
"../../../Engine/Content/EngineSounds/Master.uasset" 422
"../../../Engine/Content/EngineSounds/Master.uexp" 423
"../../../Engine/Content/Functions/Engine_MaterialFunctions01/Shading/PowerToRoughness.uasset" 424
"../../../Engine/Content/Functions/Engine_MaterialFunctions01/Shading/PowerToRoughness.uexp" 425
"../../../Engine/Content/Maps/Templates/Thumbnails/Default.uasset" 426
"../../../Engine/Content/Maps/Templates/Thumbnails/Default.uexp" 427
"../../../Engine/Content/Maps/Templates/Thumbnails/TimeOfDay.uasset" 428
"../../../Engine/Content/Maps/Templates/Thumbnails/TimeOfDay.uexp" 429
"../../../Engine/Content/Maps/Templates/Thumbnails/VR-Basic.uasset" 430
"../../../Engine/Content/Maps/Templates/Thumbnails/VR-Basic.uexp" 431
"../../../Engine/Content/MobileResources/T_MobileControls_texture.uasset" 432
"../../../Engine/Content/MobileResources/T_MobileControls_texture.uexp" 433
"../../../Engine/Content/MobileResources/T_MobileMenu2.uasset" 434
"../../../Engine/Content/MobileResources/T_MobileMenu2.uexp" 435
"../../../Engine/Content/MobileResources/HUD/AnalogHat.uasset" 436
"../../../Engine/Content/MobileResources/HUD/AnalogHat.uexp" 437
"../../../Engine/Content/MobileResources/HUD/VirtualJoystick_Thumb.uasset" 438
"../../../Engine/Content/MobileResources/HUD/VirtualJoystick_Thumb.uexp" 439
"../../../Engine/Content/MobileResources/HUD/VirtualJoystick_Background.uasset" 440
"../../../Engine/Content/MobileResources/HUD/VirtualJoystick_Background.uexp" 441
"../../../Engine/Content/MobileResources/HUD/DefaultVirtualJoysticks.uasset" 442
"../../../Engine/Content/MobileResources/HUD/DefaultVirtualJoysticks.uexp" 443
"../../../Engine/Content/MobileResources/HUD/LeftVirtualJoystickOnly.uasset" 444
"../../../Engine/Content/MobileResources/HUD/LeftVirtualJoystickOnly.uexp" 445
"../../../Engine/Content/MobileResources/HUD/MobileHUDButton1_off.uasset" 446
"../../../Engine/Content/MobileResources/HUD/MobileHUDButton1_off.uexp" 447
"../../../Engine/Content/MobileResources/HUD/MobileHUDButton1_on.uasset" 448
"../../../Engine/Content/MobileResources/HUD/MobileHUDButton1_on.uexp" 449
"../../../Engine/Content/MobileResources/HUD/MobileHUDButton2_off.uasset" 450
"../../../Engine/Content/MobileResources/HUD/MobileHUDButton2_off.uexp" 451
"../../../Engine/Content/MobileResources/HUD/MobileHUDButton2_on.uasset" 452
"../../../Engine/Content/MobileResources/HUD/MobileHUDButton2_on.uexp" 453
"../../../Engine/Content/MobileResources/HUD/MobileHUDButton3.uasset" 454
"../../../Engine/Content/MobileResources/HUD/MobileHUDButton3.uexp" 455
"../../../Engine/Content/MobileResources/HUD/MobileHUDButtonFire.uasset" 456
"../../../Engine/Content/MobileResources/HUD/MobileHUDButtonFire.uexp" 457
"../../../Engine/Content/MobileResources/HUD/MobileHUDDirectionPad.uasset" 458
"../../../Engine/Content/MobileResources/HUD/MobileHUDDirectionPad.uexp" 459
"../../../Engine/Content/MobileResources/HUD/MobileHUDDirectionPad2.uasset" 460
"../../../Engine/Content/MobileResources/HUD/MobileHUDDirectionPad2.uexp" 461
"../../../Engine/Content/MobileResources/HUD/MobileHUDDirectionPad3.uasset" 462
"../../../Engine/Content/MobileResources/HUD/MobileHUDDirectionPad3.uexp" 463
"../../../Engine/Content/MobileResources/HUD/MobileHUDDirectionStick.uasset" 464
"../../../Engine/Content/MobileResources/HUD/MobileHUDDirectionStick.uexp" 465
"../../../Engine/Content/MobileResources/HUD/T_Castle_ThumbstickInner.uasset" 466
"../../../Engine/Content/MobileResources/HUD/T_Castle_ThumbstickInner.uexp" 467
"../../../Engine/Content/MobileResources/HUD/T_Castle_ThumbstickOutter.uasset" 468
"../../../Engine/Content/MobileResources/HUD/T_Castle_ThumbstickOutter.uexp" 469
"../../../Engine/Content/Tutorial/ContentIntroCurve.uasset" 470
"../../../Engine/Content/Tutorial/ContentIntroCurve.uexp" 471
"../../../Engine/Content/Tutorial/BlueprintTutorials/TutorialAssets/Blueprint_64x.uasset" 472
"../../../Engine/Content/Tutorial/BlueprintTutorials/TutorialAssets/Blueprint_64x.uexp" 473
"../../../Engine/Content/VREditor/TransformGizmo/TranslucentTransformGizmoMaterial.uasset" 474
"../../../Engine/Content/VREditor/TransformGizmo/TranslucentTransformGizmoMaterial.uexp" 475
"../../../Engine/Content/VREditor/LaserPointer/VR_LaserPower_01.uasset" 476
"../../../Engine/Content/VREditor/LaserPointer/VR_LaserPower_01.uexp" 477
"../../../Engine/Content/VREditor/LaserPointer/VR_LaserPower_01.ubulk" 478
"../../../Engine/Content/VREditor/TransformGizmo/TransformGizmoMaterial.uasset" 479
"../../../Engine/Content/VREditor/TransformGizmo/TransformGizmoMaterial.uexp" 480
"../../../Engine/Content/VREditor/TransformGizmo/BoundingBoxCorner.uasset" 481
"../../../Engine/Content/VREditor/TransformGizmo/BoundingBoxCorner.uexp" 482
"../../../Engine/Content/VREditor/TransformGizmo/BoundingBoxEdge.uasset" 483
"../../../Engine/Content/VREditor/TransformGizmo/BoundingBoxEdge.uexp" 484
"../../../Engine/Content/VREditor/TransformGizmo/PlaneTranslationHandle.uasset" 485
"../../../Engine/Content/VREditor/TransformGizmo/PlaneTranslationHandle.uexp" 486
"../../../Engine/Content/VREditor/TransformGizmo/Xray.uasset" 487
"../../../Engine/Content/VREditor/TransformGizmo/Xray.uexp" 488
"../../../Engine/Content/VREditor/TransformGizmo/Main.uasset" 489
"../../../Engine/Content/VREditor/TransformGizmo/Main.uexp" 490
"../../../Engine/Content/VREditor/TransformGizmo/SM_Sequencer_Key.uasset" 491
"../../../Engine/Content/VREditor/TransformGizmo/SM_Sequencer_Key.uexp" 492
"../../../Engine/Content/VREditor/TransformGizmo/SM_Sequencer_Node.uasset" 493
"../../../Engine/Content/VREditor/TransformGizmo/SM_Sequencer_Node.uexp" 494
"../../../Engine/Plugins/2D/Paper2D/Content/PlaceholderTextures/DummySpriteTexture.uasset" 495
"../../../Engine/Plugins/2D/Paper2D/Content/PlaceholderTextures/DummySpriteTexture.uexp" 496
"../../../Engine/Plugins/2D/Paper2D/Content/PlaceholderTextures/DummySpriteTexture.ubulk" 497
"../../../Engine/Plugins/2D/Paper2D/Content/DummySprite.uasset" 498
"../../../Engine/Plugins/2D/Paper2D/Content/DummySprite.uexp" 499
"../../../Engine/Plugins/2D/Paper2D/Content/DefaultPaperTerrainMaterial.uasset" 500
"../../../Engine/Plugins/2D/Paper2D/Content/DefaultPaperTerrainMaterial.uexp" 501
"../../../Engine/Plugins/2D/Paper2D/Content/DefaultSpriteMaterial.uasset" 502
"../../../Engine/Plugins/2D/Paper2D/Content/DefaultSpriteMaterial.uexp" 503
"../../../Engine/Plugins/2D/Paper2D/Content/MaskedUnlitSpriteMaterial.uasset" 504
"../../../Engine/Plugins/2D/Paper2D/Content/MaskedUnlitSpriteMaterial.uexp" 505
"../../../Engine/Plugins/2D/Paper2D/Content/OpaqueUnlitSpriteMaterial.uasset" 506
"../../../Engine/Plugins/2D/Paper2D/Content/OpaqueUnlitSpriteMaterial.uexp" 507
"../../../Engine/Content/Functions/Engine_MaterialFunctions02/ObjectLocalBounds.uasset" 508
"../../../Engine/Content/Functions/Engine_MaterialFunctions02/ObjectLocalBounds.uexp" 509
"../../../Engine/Plugins/Editor/SpeedTreeImporter/Content/SpeedTree9/UnpackInteger3.uasset" 510
"../../../Engine/Plugins/Editor/SpeedTreeImporter/Content/SpeedTree9/UnpackInteger3.uexp" 511
"../../../Engine/Plugins/Editor/SpeedTreeImporter/Content/SpeedTree9/UnpackDirection.uasset" 512
"../../../Engine/Plugins/Editor/SpeedTreeImporter/Content/SpeedTree9/UnpackDirection.uexp" 513
"../../../Engine/Plugins/Editor/SpeedTreeImporter/Content/SpeedTree9/game_wind_noise.uasset" 514
"../../../Engine/Plugins/Editor/SpeedTreeImporter/Content/SpeedTree9/game_wind_noise.uexp" 515
"../../../Engine/Plugins/Editor/SpeedTreeImporter/Content/SpeedTree9/game_wind_noise.ubulk" 516
"../../../Engine/Content/Functions/Engine_MaterialFunctions02/SafeNormalize.uasset" 517
"../../../Engine/Content/Functions/Engine_MaterialFunctions02/SafeNormalize.uexp" 518
"../../../Engine/Plugins/Editor/SpeedTreeImporter/Content/SpeedTree9/SpeedTreeWindMotion.uasset" 519
"../../../Engine/Plugins/Editor/SpeedTreeImporter/Content/SpeedTree9/SpeedTreeWindMotion.uexp" 520
"../../../Engine/Plugins/Editor/SpeedTreeImporter/Content/SpeedTree9/SpeedTreeBranchMotion.uasset" 521
"../../../Engine/Plugins/Editor/SpeedTreeImporter/Content/SpeedTree9/SpeedTreeBranchMotion.uexp" 522
"../../../Engine/Content/Functions/Engine_MaterialFunctions02/UVs/BoundingBoxBased_0-1_UVW.uasset" 523
"../../../Engine/Content/Functions/Engine_MaterialFunctions02/UVs/BoundingBoxBased_0-1_UVW.uexp" 524
"../../../Engine/Plugins/Editor/SpeedTreeImporter/Content/SpeedTree9/SpeedTreeWind.uasset" 525
"../../../Engine/Plugins/Editor/SpeedTreeImporter/Content/SpeedTree9/SpeedTreeWind.uexp" 526
"../../../Engine/Plugins/Editor/SpeedTreeImporter/Content/SpeedTree9/SpeedTreeBillboard.uasset" 527
"../../../Engine/Plugins/Editor/SpeedTreeImporter/Content/SpeedTree9/SpeedTreeBillboard.uexp" 528
"../../../Engine/Plugins/Editor/SpeedTreeImporter/Content/SpeedTree9/EmptyNormal.uasset" 529
"../../../Engine/Plugins/Editor/SpeedTreeImporter/Content/SpeedTree9/EmptyNormal.uexp" 530
"../../../Engine/Plugins/Editor/SpeedTreeImporter/Content/SpeedTree9/Empty.uasset" 531
"../../../Engine/Plugins/Editor/SpeedTreeImporter/Content/SpeedTree9/Empty.uexp" 532
"../../../Engine/Plugins/Editor/SpeedTreeImporter/Content/SpeedTree9/SpeedTreeBillboardMaster.uasset" 533
"../../../Engine/Plugins/Editor/SpeedTreeImporter/Content/SpeedTree9/SpeedTreeBillboardMaster.uexp" 534
"../../../Engine/Plugins/Editor/SpeedTreeImporter/Content/SpeedTree9/SpeedTreeCameraFacing.uasset" 535
"../../../Engine/Plugins/Editor/SpeedTreeImporter/Content/SpeedTree9/SpeedTreeCameraFacing.uexp" 536
"../../../Engine/Plugins/Editor/SpeedTreeImporter/Content/SpeedTree9/SpeedTreeMaster.uasset" 537
"../../../Engine/Plugins/Editor/SpeedTreeImporter/Content/SpeedTree9/SpeedTreeMaster.uexp" 538
"../../../Engine/Content/BasicShapes/Cylinder.uasset" 539
"../../../Engine/Content/BasicShapes/Cylinder.uexp" 540
"../../../Engine/Content/ArtTools/RenderToTexture/Materials/Debug/M_Emissive_Color.uasset" 541
"../../../Engine/Content/ArtTools/RenderToTexture/Materials/Debug/M_Emissive_Color.uexp" 542
"../../../Engine/Plugins/Lumin/MagicLeapPassableWorld/Content/MagicLeapARPinInfoActor.uasset" 543
"../../../Engine/Plugins/Lumin/MagicLeapPassableWorld/Content/MagicLeapARPinInfoActor.uexp" 544
"../../../Engine/Plugins/Runtime/OpenXR/Content/Devices/GoogleDaydream/MRTexture.uasset" 545
"../../../Engine/Plugins/Runtime/OpenXR/Content/Devices/GoogleDaydream/MRTexture.uexp" 546
"../../../Engine/Plugins/Runtime/OpenXR/Content/Devices/GoogleDaydream/MRTexture.ubulk" 547
"../../../Engine/Plugins/Runtime/OpenXR/Content/Devices/GoogleDaydream/BaseTexture.uasset" 548
"../../../Engine/Plugins/Runtime/OpenXR/Content/Devices/GoogleDaydream/BaseTexture.uexp" 549
"../../../Engine/Plugins/Runtime/OpenXR/Content/Devices/GoogleDaydream/BaseTexture.ubulk" 550
"../../../Engine/Content/EngineResources/Black.uasset" 551
"../../../Engine/Content/EngineResources/Black.uexp" 552
"../../../Engine/Plugins/Runtime/OpenXR/Content/Devices/M_XRController.uasset" 553
"../../../Engine/Plugins/Runtime/OpenXR/Content/Devices/M_XRController.uexp" 554
"../../../Engine/Plugins/Runtime/OpenXR/Content/Devices/GoogleDaydream/MI_GoogleDaydream.uasset" 555
"../../../Engine/Plugins/Runtime/OpenXR/Content/Devices/GoogleDaydream/MI_GoogleDaydream.uexp" 556
"../../../Engine/Plugins/Runtime/OpenXR/Content/Devices/GoogleDaydream/GoogleDaydreamController.uasset" 557
"../../../Engine/Plugins/Runtime/OpenXR/Content/Devices/GoogleDaydream/GoogleDaydreamController.uexp" 558
"../../../Engine/Plugins/Runtime/OpenXR/Content/Devices/HTCVive/BaseTexture.uasset" 559
"../../../Engine/Plugins/Runtime/OpenXR/Content/Devices/HTCVive/BaseTexture.uexp" 560
"../../../Engine/Plugins/Runtime/OpenXR/Content/Devices/HTCVive/BaseTexture.ubulk" 561
"../../../Engine/Plugins/Runtime/OpenXR/Content/Devices/HTCVive/MI_HTCVive.uasset" 562
"../../../Engine/Plugins/Runtime/OpenXR/Content/Devices/HTCVive/MI_HTCVive.uexp" 563
"../../../Engine/Plugins/Runtime/OpenXR/Content/Devices/HTCVive/HTCViveController.uasset" 564
"../../../Engine/Plugins/Runtime/OpenXR/Content/Devices/HTCVive/HTCViveController.uexp" 565
"../../../Engine/Plugins/Runtime/OpenXR/Content/Devices/MicrosoftMixedReality/NormalTexture.uasset" 566
"../../../Engine/Plugins/Runtime/OpenXR/Content/Devices/MicrosoftMixedReality/NormalTexture.uexp" 567
"../../../Engine/Plugins/Runtime/OpenXR/Content/Devices/MicrosoftMixedReality/NormalTexture.ubulk" 568
"../../../Engine/Plugins/Runtime/OpenXR/Content/Devices/MicrosoftMixedReality/MRTexture.uasset" 569
"../../../Engine/Plugins/Runtime/OpenXR/Content/Devices/MicrosoftMixedReality/MRTexture.uexp" 570
"../../../Engine/Plugins/Runtime/OpenXR/Content/Devices/MicrosoftMixedReality/MRTexture.ubulk" 571
"../../../Engine/Plugins/Runtime/OpenXR/Content/Devices/MicrosoftMixedReality/EmissiveTexture.uasset" 572
"../../../Engine/Plugins/Runtime/OpenXR/Content/Devices/MicrosoftMixedReality/EmissiveTexture.uexp" 573
"../../../Engine/Plugins/Runtime/OpenXR/Content/Devices/MicrosoftMixedReality/EmissiveTexture.ubulk" 574
"../../../Engine/Plugins/Runtime/OpenXR/Content/Devices/MicrosoftMixedReality/BaseTexture.uasset" 575
"../../../Engine/Plugins/Runtime/OpenXR/Content/Devices/MicrosoftMixedReality/BaseTexture.uexp" 576
"../../../Engine/Plugins/Runtime/OpenXR/Content/Devices/MicrosoftMixedReality/BaseTexture.ubulk" 577
"../../../Engine/Plugins/Runtime/OpenXR/Content/Devices/MicrosoftMixedReality/MI_MicrosoftMixedReality.uasset" 578
"../../../Engine/Plugins/Runtime/OpenXR/Content/Devices/MicrosoftMixedReality/MI_MicrosoftMixedReality.uexp" 579
"../../../Engine/Plugins/Runtime/OpenXR/Content/Devices/MicrosoftMixedReality/Left/left_MicrosoftMixedRealityController.uasset" 580
"../../../Engine/Plugins/Runtime/OpenXR/Content/Devices/MicrosoftMixedReality/Left/left_MicrosoftMixedRealityController.uexp" 581
"../../../Engine/Plugins/Runtime/OpenXR/Content/Devices/MicrosoftMixedReality/Right/right_MicrosoftMixedRealityController.uasset" 582
"../../../Engine/Plugins/Runtime/OpenXR/Content/Devices/MicrosoftMixedReality/Right/right_MicrosoftMixedRealityController.uexp" 583
"../../../Engine/Plugins/Runtime/OpenXR/Content/Devices/OculusGo/BaseTexture.uasset" 584
"../../../Engine/Plugins/Runtime/OpenXR/Content/Devices/OculusGo/BaseTexture.uexp" 585
"../../../Engine/Plugins/Runtime/OpenXR/Content/Devices/OculusGo/BaseTexture.ubulk" 586
"../../../Engine/Plugins/Runtime/OpenXR/Content/Devices/OculusGo/MI_OculusGo.uasset" 587
"../../../Engine/Plugins/Runtime/OpenXR/Content/Devices/OculusGo/MI_OculusGo.uexp" 588
"../../../Engine/Plugins/Runtime/OpenXR/Content/Devices/OculusGo/OculusGoController.uasset" 589
"../../../Engine/Plugins/Runtime/OpenXR/Content/Devices/OculusGo/OculusGoController.uexp" 590
"../../../Engine/Plugins/Runtime/OpenXR/Content/Devices/OculusTouch/MRTexture.uasset" 591
"../../../Engine/Plugins/Runtime/OpenXR/Content/Devices/OculusTouch/MRTexture.uexp" 592
"../../../Engine/Plugins/Runtime/OpenXR/Content/Devices/OculusTouch/MRTexture.ubulk" 593
"../../../Engine/Plugins/Runtime/OpenXR/Content/Devices/OculusTouch/BaseTexture.uasset" 594
"../../../Engine/Plugins/Runtime/OpenXR/Content/Devices/OculusTouch/BaseTexture.uexp" 595
"../../../Engine/Plugins/Runtime/OpenXR/Content/Devices/OculusTouch/BaseTexture.ubulk" 596
"../../../Engine/Plugins/Runtime/OpenXR/Content/Devices/OculusTouch/MI_OculusTouch.uasset" 597
"../../../Engine/Plugins/Runtime/OpenXR/Content/Devices/OculusTouch/MI_OculusTouch.uexp" 598
"../../../Engine/Plugins/Runtime/OpenXR/Content/Devices/OculusTouch/Left/left_OculusTouchController.uasset" 599
"../../../Engine/Plugins/Runtime/OpenXR/Content/Devices/OculusTouch/Left/left_OculusTouchController.uexp" 600
"../../../Engine/Plugins/Runtime/OpenXR/Content/Devices/OculusTouch/Right/right_OculusTouchController.uasset" 601
"../../../Engine/Plugins/Runtime/OpenXR/Content/Devices/OculusTouch/Right/right_OculusTouchController.uexp" 602
"../../../Engine/Plugins/Runtime/OpenXR/Content/Devices/OculusTouch_v2/MRTexture.uasset" 603
"../../../Engine/Plugins/Runtime/OpenXR/Content/Devices/OculusTouch_v2/MRTexture.uexp" 604
"../../../Engine/Plugins/Runtime/OpenXR/Content/Devices/OculusTouch_v2/MRTexture.ubulk" 605
"../../../Engine/Plugins/Runtime/OpenXR/Content/Devices/OculusTouch_v2/BaseTexture.uasset" 606
"../../../Engine/Plugins/Runtime/OpenXR/Content/Devices/OculusTouch_v2/BaseTexture.uexp" 607
"../../../Engine/Plugins/Runtime/OpenXR/Content/Devices/OculusTouch_v2/BaseTexture.ubulk" 608
"../../../Engine/Plugins/Runtime/OpenXR/Content/Devices/OculusTouch_v2/MI_OculusTouch_v2.uasset" 609
"../../../Engine/Plugins/Runtime/OpenXR/Content/Devices/OculusTouch_v2/MI_OculusTouch_v2.uexp" 610
"../../../Engine/Plugins/Runtime/OpenXR/Content/Devices/OculusTouch_v2/Left/left_OculusTouch_v2Controller.uasset" 611
"../../../Engine/Plugins/Runtime/OpenXR/Content/Devices/OculusTouch_v2/Left/left_OculusTouch_v2Controller.uexp" 612
"../../../Engine/Plugins/Runtime/OpenXR/Content/Devices/OculusTouch_v2/Right/right_OculusTouch_v2Controller.uasset" 613
"../../../Engine/Plugins/Runtime/OpenXR/Content/Devices/OculusTouch_v2/Right/right_OculusTouch_v2Controller.uexp" 614
"../../../Engine/Plugins/Runtime/OpenXR/Content/Devices/OculusTouch_v3/MRTexture.uasset" 615
"../../../Engine/Plugins/Runtime/OpenXR/Content/Devices/OculusTouch_v3/MRTexture.uexp" 616
"../../../Engine/Plugins/Runtime/OpenXR/Content/Devices/OculusTouch_v3/MRTexture.ubulk" 617
"../../../Engine/Plugins/Runtime/OpenXR/Content/Devices/OculusTouch_v3/BaseTexture.uasset" 618
"../../../Engine/Plugins/Runtime/OpenXR/Content/Devices/OculusTouch_v3/BaseTexture.uexp" 619
"../../../Engine/Plugins/Runtime/OpenXR/Content/Devices/OculusTouch_v3/BaseTexture.ubulk" 620
"../../../Engine/Plugins/Runtime/OpenXR/Content/Devices/OculusTouch_v3/MI_OculusTouch_v3.uasset" 621
"../../../Engine/Plugins/Runtime/OpenXR/Content/Devices/OculusTouch_v3/MI_OculusTouch_v3.uexp" 622
"../../../Engine/Plugins/Runtime/OpenXR/Content/Devices/OculusTouch_v3/Left/left_OculusTouch_v3Controller.uasset" 623
"../../../Engine/Plugins/Runtime/OpenXR/Content/Devices/OculusTouch_v3/Left/left_OculusTouch_v3Controller.uexp" 624
"../../../Engine/Plugins/Runtime/OpenXR/Content/Devices/OculusTouch_v3/Right/right_OculusTouch_v3Controller.uasset" 625
"../../../Engine/Plugins/Runtime/OpenXR/Content/Devices/OculusTouch_v3/Right/right_OculusTouch_v3Controller.uexp" 626
"../../../Engine/Plugins/Runtime/OpenXR/Content/Devices/ValveIndex/MRTexture.uasset" 627
"../../../Engine/Plugins/Runtime/OpenXR/Content/Devices/ValveIndex/MRTexture.uexp" 628
"../../../Engine/Plugins/Runtime/OpenXR/Content/Devices/ValveIndex/MRTexture.ubulk" 629
"../../../Engine/Plugins/Runtime/OpenXR/Content/Devices/ValveIndex/BaseTexture.uasset" 630
"../../../Engine/Plugins/Runtime/OpenXR/Content/Devices/ValveIndex/BaseTexture.uexp" 631
"../../../Engine/Plugins/Runtime/OpenXR/Content/Devices/ValveIndex/BaseTexture.ubulk" 632
"../../../Engine/Plugins/Runtime/OpenXR/Content/Devices/ValveIndex/Left/MI_left_ValveIndex.uasset" 633
"../../../Engine/Plugins/Runtime/OpenXR/Content/Devices/ValveIndex/Left/MI_left_ValveIndex.uexp" 634
"../../../Engine/Plugins/Runtime/OpenXR/Content/Devices/ValveIndex/Left/left_ValveIndexController.uasset" 635
"../../../Engine/Plugins/Runtime/OpenXR/Content/Devices/ValveIndex/Left/left_ValveIndexController.uexp" 636
"../../../Engine/Plugins/Runtime/OpenXR/Content/Devices/ValveIndex/Right/MI_right_ValveIndex.uasset" 637
"../../../Engine/Plugins/Runtime/OpenXR/Content/Devices/ValveIndex/Right/MI_right_ValveIndex.uexp" 638
"../../../Engine/Plugins/Runtime/OpenXR/Content/Devices/ValveIndex/Right/right_ValveIndexController.uasset" 639
"../../../Engine/Plugins/Runtime/OpenXR/Content/Devices/ValveIndex/Right/right_ValveIndexController.uexp" 640
"../../../Engine/Content/Functions/Engine_MaterialFunctions02/Utility/MakeFloat3.uasset" 641
"../../../Engine/Content/Functions/Engine_MaterialFunctions02/Utility/MakeFloat3.uexp" 642
"../../../Engine/Content/Functions/Engine_MaterialFunctions02/Utility/BreakOutFloat4Components.uasset" 643
"../../../Engine/Content/Functions/Engine_MaterialFunctions02/Utility/BreakOutFloat4Components.uexp" 644
"../../../Engine/Plugins/Runtime/Oculus/OculusVR/Content/Materials/OculusMR_ChromaKey.uasset" 645
"../../../Engine/Plugins/Runtime/Oculus/OculusVR/Content/Materials/OculusMR_ChromaKey.uexp" 646
"../../../Engine/Plugins/Runtime/Oculus/OculusVR/Content/Materials/OculusMR_OpaqueColoredMaterial.uasset" 647
"../../../Engine/Plugins/Runtime/Oculus/OculusVR/Content/Materials/OculusMR_OpaqueColoredMaterial.uexp" 648
"../../../Engine/Plugins/Runtime/Oculus/OculusVR/Content/Materials/PokeAHoleMaterial.uasset" 649
"../../../Engine/Plugins/Runtime/Oculus/OculusVR/Content/Materials/PokeAHoleMaterial.uexp" 650
"../../../Engine/Plugins/Runtime/Oculus/OculusVR/Content/Textures/touchController_controlmap.uasset" 651
"../../../Engine/Plugins/Runtime/Oculus/OculusVR/Content/Textures/touchController_controlmap.uexp" 652
"../../../Engine/Plugins/Runtime/Oculus/OculusVR/Content/Textures/touchController_controlmap.ubulk" 653
"../../../Engine/Plugins/Runtime/Oculus/OculusVR/Content/Textures/touchController_albedo.uasset" 654
"../../../Engine/Plugins/Runtime/Oculus/OculusVR/Content/Textures/touchController_albedo.uexp" 655
"../../../Engine/Plugins/Runtime/Oculus/OculusVR/Content/Textures/touchController_albedo.ubulk" 656
"../../../Engine/Plugins/Runtime/Oculus/OculusVR/Content/Materials/touchController_mat.uasset" 657
"../../../Engine/Plugins/Runtime/Oculus/OculusVR/Content/Materials/touchController_mat.uexp" 658
"../../../Engine/Plugins/Runtime/Oculus/OculusVR/Content/Meshes/LeftTouchController.uasset" 659
"../../../Engine/Plugins/Runtime/Oculus/OculusVR/Content/Meshes/LeftTouchController.uexp" 660
"../../../Engine/Plugins/Runtime/Oculus/OculusVR/Content/Textures/TouchForQuestRiftSController_albedo.uasset" 661
"../../../Engine/Plugins/Runtime/Oculus/OculusVR/Content/Textures/TouchForQuestRiftSController_albedo.uexp" 662
"../../../Engine/Plugins/Runtime/Oculus/OculusVR/Content/Textures/TouchForQuestRiftSController_albedo.ubulk" 663
"../../../Engine/Plugins/Runtime/Oculus/OculusVR/Content/Materials/TouchForQuestRiftSControllerMaterial.uasset" 664
"../../../Engine/Plugins/Runtime/Oculus/OculusVR/Content/Materials/TouchForQuestRiftSControllerMaterial.uexp" 665
"../../../Engine/Plugins/Runtime/Oculus/OculusVR/Content/Meshes/LeftTouchForQuestRiftSController.uasset" 666
"../../../Engine/Plugins/Runtime/Oculus/OculusVR/Content/Meshes/LeftTouchForQuestRiftSController.uexp" 667
"../../../Engine/Plugins/Runtime/Oculus/OculusVR/Content/Meshes/RiftHMD.uasset" 668
"../../../Engine/Plugins/Runtime/Oculus/OculusVR/Content/Meshes/RiftHMD.uexp" 669
"../../../Engine/Plugins/Runtime/Oculus/OculusVR/Content/Meshes/RightTouchController.uasset" 670
"../../../Engine/Plugins/Runtime/Oculus/OculusVR/Content/Meshes/RightTouchController.uexp" 671
"../../../Engine/Plugins/Runtime/Oculus/OculusVR/Content/Meshes/RightTouchForQuestRiftSController.uasset" 672
"../../../Engine/Plugins/Runtime/Oculus/OculusVR/Content/Meshes/RightTouchForQuestRiftSController.uexp" 673
"E:/GameTests/GamePresSet/Content/TopDownBP/Maps/TopDownExampleMap_BuiltData.uasset" 674
"E:/GameTests/GamePresSet/Content/TopDownBP/Maps/TopDownExampleMap_BuiltData.uexp" 675
"E:/GameTests/GamePresSet/Content/TopDownBP/Maps/TopDownExampleMap_BuiltData.ubulk" 676
"E:/GameTests/GamePresSet/Content/TopDownBP/Blueprints/AI_Bots/Enemy/AI_EnemyCharacter.uasset" 677
"E:/GameTests/GamePresSet/Content/TopDownBP/Blueprints/AI_Bots/Enemy/AI_EnemyCharacter.uexp" 678
"E:/GameTests/GamePresSet/Content/GamePress/Toony_Tiny_RTS_Set/Materials/Units/M_Units_Parent_Inst1.uasset" 679
"E:/GameTests/GamePresSet/Content/GamePress/Toony_Tiny_RTS_Set/Materials/Units/M_Units_Parent_Inst1.uexp" 680
"E:/GameTests/GamePresSet/Content/TopDownBP/Blueprints/AI_Bots/Enemy/B_BaseForm_Characters_Enemy2.uasset" 681
"E:/GameTests/GamePresSet/Content/TopDownBP/Blueprints/AI_Bots/Enemy/B_BaseForm_Characters_Enemy2.uexp" 682
"E:/GameTests/GamePresSet/Content/GamePress/Toony_Tiny_RTS_Set/Materials/Units/M_Units_Parent_Inst2.uasset" 683
"E:/GameTests/GamePresSet/Content/GamePress/Toony_Tiny_RTS_Set/Materials/Units/M_Units_Parent_Inst2.uexp" 684
"E:/GameTests/GamePresSet/Content/TopDownBP/Blueprints/AI_Bots/Enemy/B_BaseForm_Characters_Enemy1.uasset" 685
"E:/GameTests/GamePresSet/Content/TopDownBP/Blueprints/AI_Bots/Enemy/B_BaseForm_Characters_Enemy1.uexp" 686
"E:/GameTests/GamePresSet/Content/GamePress/Toony_Tiny_RTS_Set/Materials/Units/M_Units_Parent_Inst_Enemy.uasset" 687
"E:/GameTests/GamePresSet/Content/GamePress/Toony_Tiny_RTS_Set/Materials/Units/M_Units_Parent_Inst_Enemy.uexp" 688
"E:/GameTests/GamePresSet/Content/TopDownBP/Blueprints/AI_Bots/Enemy/B_BaseForm_Characters_Enemy.uasset" 689
"E:/GameTests/GamePresSet/Content/TopDownBP/Blueprints/AI_Bots/Enemy/B_BaseForm_Characters_Enemy.uexp" 690
"E:/GameTests/GamePresSet/Content/TopDownBP/Blueprints/PlayerCaracter/TopDownController.uasset" 691
"E:/GameTests/GamePresSet/Content/TopDownBP/Blueprints/PlayerCaracter/TopDownController.uexp" 692
"E:/GameTests/GamePresSet/Content/GamePress/Toony_Tiny_RTS_Set/Materials/Units/M_Units_Parent_Inst.uasset" 693
"E:/GameTests/GamePresSet/Content/GamePress/Toony_Tiny_RTS_Set/Materials/Units/M_Units_Parent_Inst.uexp" 694
"E:/GameTests/GamePresSet/Content/TopDownBP/Blueprints/PlayerCaracter/B_BaseForm_Characters_C.uasset" 695
"E:/GameTests/GamePresSet/Content/TopDownBP/Blueprints/PlayerCaracter/B_BaseForm_Characters_C.uexp" 696
"E:/GameTests/GamePresSet/Content/TopDownBP/Blueprints/AI_Bots/StucterMassRate.uasset" 697
"E:/GameTests/GamePresSet/Content/TopDownBP/Blueprints/AI_Bots/StucterMassRate.uexp" 698
"E:/GameTests/GamePresSet/Content/TopDownBP/Blueprints/GameStatNewMass.uasset" 699
"E:/GameTests/GamePresSet/Content/TopDownBP/Blueprints/GameStatNewMass.uexp" 700
"E:/GameTests/GamePresSet/Content/TopDownBP/Blueprints/TopDownGameMode.uasset" 701
"E:/GameTests/GamePresSet/Content/TopDownBP/Blueprints/TopDownGameMode.uexp" 702
"E:/GameTests/GamePresSet/Content/Geometry/Meshes/1M_Cube_Chamfer.uasset" 703
"E:/GameTests/GamePresSet/Content/Geometry/Meshes/1M_Cube_Chamfer.uexp" 704
"E:/GameTests/GamePresSet/Content/Geometry/Meshes/1M_Cube.uasset" 705
"E:/GameTests/GamePresSet/Content/Geometry/Meshes/1M_Cube.uexp" 706
"E:/GameTests/GamePresSet/Content/TopDownBP/Maps/TopDownExampleMap.uexp" 707
"E:/GameTests/GamePresSet/Content/TopDownBP/Maps/TopDownExampleMap.umap" 708
"../../../Engine/Content/Maps/Entry_BuiltData.uasset" 709
"../../../Engine/Content/Maps/Entry_BuiltData.uexp" 710
"../../../Engine/Content/Maps/Entry.uexp" 711
"../../../Engine/Content/Maps/Entry.umap" 712
